[debug] [2017-06-17T13:40:52.751Z] ----------------------------------------------------------------------
[debug] [2017-06-17T13:40:52.754Z] Command:      /usr/local/Cellar/node/7.3.0/bin/node /usr/local/bin/firebase serve
[debug] [2017-06-17T13:40:52.755Z] CLI Version:  3.9.1
[debug] [2017-06-17T13:40:52.755Z] Platform:     darwin
[debug] [2017-06-17T13:40:52.755Z] Node Version: v7.3.0
[debug] [2017-06-17T13:40:52.756Z] Time:         Sat Jun 17 2017 09:40:52 GMT-0400 (EDT)
[debug] [2017-06-17T13:40:52.756Z] ----------------------------------------------------------------------
[debug] 
[debug] [2017-06-17T13:40:52.774Z] > command requires scopes: ["email","openid","https://www.googleapis.com/auth/cloudplatformprojects.readonly","https://www.googleapis.com/auth/firebase","https://www.googleapis.com/auth/cloud-platform"]
[debug] [2017-06-17T13:40:52.774Z] > authorizing via signed-in user
[debug] [2017-06-17T13:40:52.776Z] > refreshing access token with scopes: ["email","https://www.googleapis.com/auth/cloud-platform","https://www.googleapis.com/auth/cloudplatformprojects.readonly","https://www.googleapis.com/auth/firebase","openid"]
[debug] [2017-06-17T13:40:52.776Z] >>> HTTP REQUEST POST https://www.googleapis.com/oauth2/v3/token { refresh_token: '1/S8Ww3lMGXjuqaZv3Q4jL45gybCioOLLXrlZ2NZrcXHA',
  client_id: '563584335869-fgrhgmd47bqnekij5i8b5pr03ho849e6.apps.googleusercontent.com',
  client_secret: 'j9iVZfS8kkCEFUPaAeJV0sAi',
  grant_type: 'refresh_token',
  scope: 'email https://www.googleapis.com/auth/cloud-platform https://www.googleapis.com/auth/cloudplatformprojects.readonly https://www.googleapis.com/auth/firebase openid' } 
 Sat Jun 17 2017 09:40:52 GMT-0400 (EDT)
[debug] [2017-06-17T13:40:53.514Z] <<< HTTP RESPONSE 200
[debug] [2017-06-17T13:40:53.517Z] >>> HTTP REQUEST GET https://admin.firebase.com/v1/projects/jabberwocky-8583d  
 Sat Jun 17 2017 09:40:53 GMT-0400 (EDT)
[debug] [2017-06-17T13:40:54.601Z] <<< HTTP RESPONSE 200
[debug] [2017-06-17T13:40:54.603Z] >>> HTTP REQUEST GET https://admin.firebase.com/v1/database/jabberwocky-8583d/tokens  
 Sat Jun 17 2017 09:40:54 GMT-0400 (EDT)
[debug] [2017-06-17T13:40:55.145Z] <<< HTTP RESPONSE 200
[info] 
[info] === Serving from '/Users/levidurfee/Projects/jabberwocky'...
[info] 
[debug] [2017-06-17T13:40:55.151Z] >>> HTTP REQUEST GET https://cloudresourcemanager.googleapis.com/v1/projects/jabberwocky-8583d  
 Sat Jun 17 2017 09:40:55 GMT-0400 (EDT)
[debug] [2017-06-17T13:40:55.453Z] <<< HTTP RESPONSE 200
[debug] [2017-06-17T13:40:55.454Z] >>> HTTP REQUEST GET https://mobilesdk-pa.googleapis.com/v1/projects/867241314701/clients/_:getWebAppConfig  
 Sat Jun 17 2017 09:40:55 GMT-0400 (EDT)
[debug] [2017-06-17T13:40:56.015Z] <<< HTTP RESPONSE 200
[info] i  hosting: Serving hosting files from: public
[info] ✔  hosting: Local server: http://localhost:5000

